<?xml version="1.0" encoding="UTF-8"?>
<!-- Generated by org.testng.reporters.JUnitReportReporter -->
<testsuite skipped="0" hostname="My" name="org.amazon.testcases.Testcase001" tests="1" failures="0" timestamp="2019-12-14T16:36:55 IST" time="114.685" errors="0">
  <testcase name="CreateTC" time="114.685" classname="org.amazon.testcases.Testcase001"/>
</testsuite> <!-- org.amazon.testcases.Testcase001 -->
